HCANN000001: Hibernate Commons Annotations {4.0.5.Final}
HHH000412: Hibernate Core {4.3.11.Final}
HHH000206: hibernate.properties not found
HHH000021: Bytecode provider name : javassist
HHH000043: Configuring from resource: /hibernate.cfg.xml
HHH000040: Configuration resource: /hibernate.cfg.xml
HHH000041: Configured SessionFactory: null
HHH000402: Using Hibernate built-in connection pool (not for production use!)
HHH000401: using driver [com.mysql.jdbc.Driver] at URL [jdbc:mysql://localhost:3306/TEST_gw2_auxiliary]
HHH000046: Connection properties: {user=root, password=****}
HHH000006: Autocommit mode: false
HHH000115: Hibernate connection pool size: 20 (min=1)
HHH000400: Using dialect: org.hibernate.dialect.MySQL5Dialect
HHH000399: Using default transaction strategy (direct JDBC transactions)
HHH000397: Using ASTQueryTranslatorFactory
Getting and creating List of all users.
Failed to create List of all Users.

org.hibernate.type.SerializationException: could not deserialize
	at org.hibernate.internal.util.SerializationHelper.doDeserialize(SerializationHelper.java:262)
	at org.hibernate.internal.util.SerializationHelper.deserialize(SerializationHelper.java:306)
	at org.hibernate.type.descriptor.java.SerializableTypeDescriptor.fromBytes(SerializableTypeDescriptor.java:155)
	at org.hibernate.type.descriptor.java.SerializableTypeDescriptor.wrap(SerializableTypeDescriptor.java:130)
	at org.hibernate.type.descriptor.java.SerializableTypeDescriptor.wrap(SerializableTypeDescriptor.java:44)
	at org.hibernate.type.descriptor.sql.VarbinaryTypeDescriptor$2.doExtract(VarbinaryTypeDescriptor.java:70)
	at org.hibernate.type.descriptor.sql.BasicExtractor.extract(BasicExtractor.java:64)
	at org.hibernate.type.AbstractStandardBasicType.nullSafeGet(AbstractStandardBasicType.java:267)
	at org.hibernate.type.AbstractStandardBasicType.nullSafeGet(AbstractStandardBasicType.java:263)
	at org.hibernate.type.AbstractStandardBasicType.nullSafeGet(AbstractStandardBasicType.java:253)
	at org.hibernate.type.AbstractStandardBasicType.hydrate(AbstractStandardBasicType.java:338)
	at org.hibernate.persister.entity.AbstractEntityPersister.hydrate(AbstractEntityPersister.java:2969)
	at org.hibernate.loader.Loader.loadFromResultSet(Loader.java:1696)
	at org.hibernate.loader.Loader.instanceNotYetLoaded(Loader.java:1628)
	at org.hibernate.loader.Loader.getRow(Loader.java:1515)
	at org.hibernate.loader.Loader.getRowFromResultSet(Loader.java:726)
	at org.hibernate.loader.Loader.processResultSet(Loader.java:953)
	at org.hibernate.loader.Loader.doQuery(Loader.java:921)
	at org.hibernate.loader.Loader.doQueryAndInitializeNonLazyCollections(Loader.java:355)
	at org.hibernate.loader.Loader.doList(Loader.java:2554)
	at org.hibernate.loader.Loader.doList(Loader.java:2540)
	at org.hibernate.loader.Loader.listIgnoreQueryCache(Loader.java:2370)
	at org.hibernate.loader.Loader.list(Loader.java:2365)
	at org.hibernate.loader.hql.QueryLoader.list(QueryLoader.java:497)
	at org.hibernate.hql.internal.ast.QueryTranslatorImpl.list(QueryTranslatorImpl.java:387)
	at org.hibernate.engine.query.spi.HQLQueryPlan.performList(HQLQueryPlan.java:236)
	at org.hibernate.internal.SessionImpl.list(SessionImpl.java:1300)
	at org.hibernate.internal.QueryImpl.list(QueryImpl.java:103)
	at com.cgreger.persistence.UserDAO.getAllUsers(UserDAO.java:75)
	at com.cgreger.persistence.UserDAOTest.listUsers(UserDAOTest.java:39)
	at sun.reflect.NativeMethodAccessorImpl.invoke0(Native Method)
	at sun.reflect.NativeMethodAccessorImpl.invoke(NativeMethodAccessorImpl.java:62)
	at sun.reflect.DelegatingMethodAccessorImpl.invoke(DelegatingMethodAccessorImpl.java:43)
	at java.lang.reflect.Method.invoke(Method.java:498)
	at org.junit.runners.model.FrameworkMethod$1.runReflectiveCall(FrameworkMethod.java:50)
	at org.junit.internal.runners.model.ReflectiveCallable.run(ReflectiveCallable.java:12)
	at org.junit.runners.model.FrameworkMethod.invokeExplosively(FrameworkMethod.java:47)
	at org.junit.internal.runners.statements.InvokeMethod.evaluate(InvokeMethod.java:17)
	at org.junit.internal.runners.statements.RunBefores.evaluate(RunBefores.java:26)
	at org.junit.runners.ParentRunner.runLeaf(ParentRunner.java:325)
	at org.junit.runners.BlockJUnit4ClassRunner.runChild(BlockJUnit4ClassRunner.java:78)
	at org.junit.runners.BlockJUnit4ClassRunner.runChild(BlockJUnit4ClassRunner.java:57)
	at org.junit.runners.ParentRunner$3.run(ParentRunner.java:290)
	at org.junit.runners.ParentRunner$1.schedule(ParentRunner.java:71)
	at org.junit.runners.ParentRunner.runChildren(ParentRunner.java:288)
	at org.junit.runners.ParentRunner.access$000(ParentRunner.java:58)
	at org.junit.runners.ParentRunner$2.evaluate(ParentRunner.java:268)
	at org.junit.runners.ParentRunner.run(ParentRunner.java:363)
	at org.junit.runner.JUnitCore.run(JUnitCore.java:137)
	at com.intellij.junit4.JUnit4IdeaTestRunner.startRunnerWithArgs(JUnit4IdeaTestRunner.java:68)
	at com.intellij.rt.execution.junit.IdeaTestRunner$Repeater.startRunnerWithArgs(IdeaTestRunner.java:51)
	at com.intellij.rt.execution.junit.JUnitStarter.prepareStreamsAndStart(JUnitStarter.java:237)
	at com.intellij.rt.execution.junit.JUnitStarter.main(JUnitStarter.java:70)
	at sun.reflect.NativeMethodAccessorImpl.invoke0(Native Method)
	at sun.reflect.NativeMethodAccessorImpl.invoke(NativeMethodAccessorImpl.java:62)
	at sun.reflect.DelegatingMethodAccessorImpl.invoke(DelegatingMethodAccessorImpl.java:43)
	at java.lang.reflect.Method.invoke(Method.java:498)
	at com.intellij.rt.execution.application.AppMain.main(AppMain.java:147)
Caused by: java.io.StreamCorruptedException: invalid stream header: 32303137
	at java.io.ObjectInputStream.readStreamHeader(ObjectInputStream.java:857)
	at java.io.ObjectInputStream.<init>(ObjectInputStream.java:349)
	at org.hibernate.internal.util.SerializationHelper$CustomObjectInputStream.<init>(SerializationHelper.java:328)
	at org.hibernate.internal.util.SerializationHelper$CustomObjectInputStream.<init>(SerializationHelper.java:318)
	at org.hibernate.internal.util.SerializationHelper.doDeserialize(SerializationHelper.java:237)
	... 57 more
HCANN000001: Hibernate Commons Annotations {4.0.5.Final}
HHH000412: Hibernate Core {4.3.11.Final}
HHH000206: hibernate.properties not found
HHH000021: Bytecode provider name : javassist
HHH000043: Configuring from resource: /hibernate.cfg.xml
HHH000040: Configuration resource: /hibernate.cfg.xml
HHH000041: Configured SessionFactory: null
HHH000402: Using Hibernate built-in connection pool (not for production use!)
HHH000401: using driver [com.mysql.jdbc.Driver] at URL [jdbc:mysql://localhost:3306/TEST_gw2_auxiliary]
HHH000046: Connection properties: {user=root, password=****}
HHH000006: Autocommit mode: false
HHH000115: Hibernate connection pool size: 20 (min=1)
HHH000400: Using dialect: org.hibernate.dialect.MySQL5Dialect
HHH000399: Using default transaction strategy (direct JDBC transactions)
HHH000397: Using ASTQueryTranslatorFactory
Getting and creating List of all users.
Failed to create List of all Users.

org.hibernate.type.SerializationException: could not deserialize
	at org.hibernate.internal.util.SerializationHelper.doDeserialize(SerializationHelper.java:262)
	at org.hibernate.internal.util.SerializationHelper.deserialize(SerializationHelper.java:306)
	at org.hibernate.type.descriptor.java.SerializableTypeDescriptor.fromBytes(SerializableTypeDescriptor.java:155)
	at org.hibernate.type.descriptor.java.SerializableTypeDescriptor.wrap(SerializableTypeDescriptor.java:130)
	at org.hibernate.type.descriptor.java.SerializableTypeDescriptor.wrap(SerializableTypeDescriptor.java:44)
	at org.hibernate.type.descriptor.sql.VarbinaryTypeDescriptor$2.doExtract(VarbinaryTypeDescriptor.java:70)
	at org.hibernate.type.descriptor.sql.BasicExtractor.extract(BasicExtractor.java:64)
	at org.hibernate.type.AbstractStandardBasicType.nullSafeGet(AbstractStandardBasicType.java:267)
	at org.hibernate.type.AbstractStandardBasicType.nullSafeGet(AbstractStandardBasicType.java:263)
	at org.hibernate.type.AbstractStandardBasicType.nullSafeGet(AbstractStandardBasicType.java:253)
	at org.hibernate.type.AbstractStandardBasicType.hydrate(AbstractStandardBasicType.java:338)
	at org.hibernate.persister.entity.AbstractEntityPersister.hydrate(AbstractEntityPersister.java:2969)
	at org.hibernate.loader.Loader.loadFromResultSet(Loader.java:1696)
	at org.hibernate.loader.Loader.instanceNotYetLoaded(Loader.java:1628)
	at org.hibernate.loader.Loader.getRow(Loader.java:1515)
	at org.hibernate.loader.Loader.getRowFromResultSet(Loader.java:726)
	at org.hibernate.loader.Loader.processResultSet(Loader.java:953)
	at org.hibernate.loader.Loader.doQuery(Loader.java:921)
	at org.hibernate.loader.Loader.doQueryAndInitializeNonLazyCollections(Loader.java:355)
	at org.hibernate.loader.Loader.doList(Loader.java:2554)
	at org.hibernate.loader.Loader.doList(Loader.java:2540)
	at org.hibernate.loader.Loader.listIgnoreQueryCache(Loader.java:2370)
	at org.hibernate.loader.Loader.list(Loader.java:2365)
	at org.hibernate.loader.hql.QueryLoader.list(QueryLoader.java:497)
	at org.hibernate.hql.internal.ast.QueryTranslatorImpl.list(QueryTranslatorImpl.java:387)
	at org.hibernate.engine.query.spi.HQLQueryPlan.performList(HQLQueryPlan.java:236)
	at org.hibernate.internal.SessionImpl.list(SessionImpl.java:1300)
	at org.hibernate.internal.QueryImpl.list(QueryImpl.java:103)
	at com.cgreger.persistence.UserDAO.getAllUsers(UserDAO.java:75)
	at com.cgreger.persistence.UserDAOTest.getAllUsers(UserDAOTest.java:39)
	at sun.reflect.NativeMethodAccessorImpl.invoke0(Native Method)
	at sun.reflect.NativeMethodAccessorImpl.invoke(NativeMethodAccessorImpl.java:62)
	at sun.reflect.DelegatingMethodAccessorImpl.invoke(DelegatingMethodAccessorImpl.java:43)
	at java.lang.reflect.Method.invoke(Method.java:498)
	at org.junit.runners.model.FrameworkMethod$1.runReflectiveCall(FrameworkMethod.java:50)
	at org.junit.internal.runners.model.ReflectiveCallable.run(ReflectiveCallable.java:12)
	at org.junit.runners.model.FrameworkMethod.invokeExplosively(FrameworkMethod.java:47)
	at org.junit.internal.runners.statements.InvokeMethod.evaluate(InvokeMethod.java:17)
	at org.junit.internal.runners.statements.RunBefores.evaluate(RunBefores.java:26)
	at org.junit.runners.ParentRunner.runLeaf(ParentRunner.java:325)
	at org.junit.runners.BlockJUnit4ClassRunner.runChild(BlockJUnit4ClassRunner.java:78)
	at org.junit.runners.BlockJUnit4ClassRunner.runChild(BlockJUnit4ClassRunner.java:57)
	at org.junit.runners.ParentRunner$3.run(ParentRunner.java:290)
	at org.junit.runners.ParentRunner$1.schedule(ParentRunner.java:71)
	at org.junit.runners.ParentRunner.runChildren(ParentRunner.java:288)
	at org.junit.runners.ParentRunner.access$000(ParentRunner.java:58)
	at org.junit.runners.ParentRunner$2.evaluate(ParentRunner.java:268)
	at org.junit.runners.ParentRunner.run(ParentRunner.java:363)
	at org.junit.runner.JUnitCore.run(JUnitCore.java:137)
	at com.intellij.junit4.JUnit4IdeaTestRunner.startRunnerWithArgs(JUnit4IdeaTestRunner.java:68)
	at com.intellij.rt.execution.junit.IdeaTestRunner$Repeater.startRunnerWithArgs(IdeaTestRunner.java:51)
	at com.intellij.rt.execution.junit.JUnitStarter.prepareStreamsAndStart(JUnitStarter.java:237)
	at com.intellij.rt.execution.junit.JUnitStarter.main(JUnitStarter.java:70)
	at sun.reflect.NativeMethodAccessorImpl.invoke0(Native Method)
	at sun.reflect.NativeMethodAccessorImpl.invoke(NativeMethodAccessorImpl.java:62)
	at sun.reflect.DelegatingMethodAccessorImpl.invoke(DelegatingMethodAccessorImpl.java:43)
	at java.lang.reflect.Method.invoke(Method.java:498)
	at com.intellij.rt.execution.application.AppMain.main(AppMain.java:147)
Caused by: java.io.StreamCorruptedException: invalid stream header: 32303137
	at java.io.ObjectInputStream.readStreamHeader(ObjectInputStream.java:857)
	at java.io.ObjectInputStream.<init>(ObjectInputStream.java:349)
	at org.hibernate.internal.util.SerializationHelper$CustomObjectInputStream.<init>(SerializationHelper.java:328)
	at org.hibernate.internal.util.SerializationHelper$CustomObjectInputStream.<init>(SerializationHelper.java:318)
	at org.hibernate.internal.util.SerializationHelper.doDeserialize(SerializationHelper.java:237)
	... 57 more
HCANN000001: Hibernate Commons Annotations {4.0.5.Final}
HHH000412: Hibernate Core {4.3.11.Final}
HHH000206: hibernate.properties not found
HHH000021: Bytecode provider name : javassist
HHH000043: Configuring from resource: /hibernate.cfg.xml
HHH000040: Configuration resource: /hibernate.cfg.xml
HHH000041: Configured SessionFactory: null
HHH000402: Using Hibernate built-in connection pool (not for production use!)
HHH000401: using driver [com.mysql.jdbc.Driver] at URL [jdbc:mysql://localhost:3306/TEST_gw2_auxiliary]
HHH000046: Connection properties: {user=root, password=****}
HHH000006: Autocommit mode: false
HHH000115: Hibernate connection pool size: 20 (min=1)
HHH000400: Using dialect: org.hibernate.dialect.MySQL5Dialect
HHH000399: Using default transaction strategy (direct JDBC transactions)
HHH000397: Using ASTQueryTranslatorFactory
Adding new User.
SQL Error: 1292, SQLState: 22001
Data truncation: Incorrect datetime value: '\xAC\xED\x00\x05sr\x00\x0Djava.time.Ser\x95]\x84\xBA\x1B"H\xB2\x0C\x00\x00xpw\x07\x03\x00\x00\x07\xE1\x02\x08x' for column 'join_date' at row 1
HHH000010: On release of batch it still contained JDBC statements
SQL Warning Code: 1292, SQLState: 22007
Incorrect datetime value: '\xAC\xED\x00\x05sr\x00\x0Djava.time.Ser\x95]\x84\xBA\x1B"H\xB2\x0C\x00\x00xpw\x07\x03\x00\x00\x07\xE1\x02\x08x' for column 'join_date' at row 1
Failed to add new User (id6).

org.hibernate.exception.DataException: could not execute statement
	at org.hibernate.exception.internal.SQLExceptionTypeDelegate.convert(SQLExceptionTypeDelegate.java:69)
	at org.hibernate.exception.internal.StandardSQLExceptionConverter.convert(StandardSQLExceptionConverter.java:49)
	at org.hibernate.engine.jdbc.spi.SqlExceptionHelper.convert(SqlExceptionHelper.java:126)
	at org.hibernate.engine.jdbc.spi.SqlExceptionHelper.convert(SqlExceptionHelper.java:112)
	at org.hibernate.engine.jdbc.internal.ResultSetReturnImpl.executeUpdate(ResultSetReturnImpl.java:211)
	at org.hibernate.engine.jdbc.batch.internal.NonBatchingBatch.addToBatch(NonBatchingBatch.java:62)
	at org.hibernate.persister.entity.AbstractEntityPersister.insert(AbstractEntityPersister.java:3124)
	at org.hibernate.persister.entity.AbstractEntityPersister.insert(AbstractEntityPersister.java:3581)
	at org.hibernate.action.internal.EntityInsertAction.execute(EntityInsertAction.java:104)
	at org.hibernate.engine.spi.ActionQueue.executeActions(ActionQueue.java:465)
	at org.hibernate.engine.spi.ActionQueue.executeActions(ActionQueue.java:351)
	at org.hibernate.event.internal.AbstractFlushingEventListener.performExecutions(AbstractFlushingEventListener.java:350)
	at org.hibernate.event.internal.DefaultFlushEventListener.onFlush(DefaultFlushEventListener.java:56)
	at org.hibernate.internal.SessionImpl.flush(SessionImpl.java:1258)
	at org.hibernate.internal.SessionImpl.managedFlush(SessionImpl.java:425)
	at org.hibernate.engine.transaction.internal.jdbc.JdbcTransaction.beforeTransactionCommit(JdbcTransaction.java:101)
	at org.hibernate.engine.transaction.spi.AbstractTransactionImpl.commit(AbstractTransactionImpl.java:177)
	at com.cgreger.persistence.UserDAO.addUser(UserDAO.java:40)
	at com.cgreger.persistence.UserDAOTest.addUser(UserDAOTest.java:30)
	at sun.reflect.NativeMethodAccessorImpl.invoke0(Native Method)
	at sun.reflect.NativeMethodAccessorImpl.invoke(NativeMethodAccessorImpl.java:62)
	at sun.reflect.DelegatingMethodAccessorImpl.invoke(DelegatingMethodAccessorImpl.java:43)
	at java.lang.reflect.Method.invoke(Method.java:498)
	at org.junit.runners.model.FrameworkMethod$1.runReflectiveCall(FrameworkMethod.java:50)
	at org.junit.internal.runners.model.ReflectiveCallable.run(ReflectiveCallable.java:12)
	at org.junit.runners.model.FrameworkMethod.invokeExplosively(FrameworkMethod.java:47)
	at org.junit.internal.runners.statements.InvokeMethod.evaluate(InvokeMethod.java:17)
	at org.junit.internal.runners.statements.RunBefores.evaluate(RunBefores.java:26)
	at org.junit.runners.ParentRunner.runLeaf(ParentRunner.java:325)
	at org.junit.runners.BlockJUnit4ClassRunner.runChild(BlockJUnit4ClassRunner.java:78)
	at org.junit.runners.BlockJUnit4ClassRunner.runChild(BlockJUnit4ClassRunner.java:57)
	at org.junit.runners.ParentRunner$3.run(ParentRunner.java:290)
	at org.junit.runners.ParentRunner$1.schedule(ParentRunner.java:71)
	at org.junit.runners.ParentRunner.runChildren(ParentRunner.java:288)
	at org.junit.runners.ParentRunner.access$000(ParentRunner.java:58)
	at org.junit.runners.ParentRunner$2.evaluate(ParentRunner.java:268)
	at org.junit.runners.ParentRunner.run(ParentRunner.java:363)
	at org.junit.runner.JUnitCore.run(JUnitCore.java:137)
	at com.intellij.junit4.JUnit4IdeaTestRunner.startRunnerWithArgs(JUnit4IdeaTestRunner.java:68)
	at com.intellij.rt.execution.junit.IdeaTestRunner$Repeater.startRunnerWithArgs(IdeaTestRunner.java:51)
	at com.intellij.rt.execution.junit.JUnitStarter.prepareStreamsAndStart(JUnitStarter.java:237)
	at com.intellij.rt.execution.junit.JUnitStarter.main(JUnitStarter.java:70)
	at sun.reflect.NativeMethodAccessorImpl.invoke0(Native Method)
	at sun.reflect.NativeMethodAccessorImpl.invoke(NativeMethodAccessorImpl.java:62)
	at sun.reflect.DelegatingMethodAccessorImpl.invoke(DelegatingMethodAccessorImpl.java:43)
	at java.lang.reflect.Method.invoke(Method.java:498)
	at com.intellij.rt.execution.application.AppMain.main(AppMain.java:147)
Caused by: com.mysql.jdbc.MysqlDataTruncation: Data truncation: Incorrect datetime value: '\xAC\xED\x00\x05sr\x00\x0Djava.time.Ser\x95]\x84\xBA\x1B"H\xB2\x0C\x00\x00xpw\x07\x03\x00\x00\x07\xE1\x02\x08x' for column 'join_date' at row 1
	at com.mysql.jdbc.MysqlIO.checkErrorPacket(MysqlIO.java:3964)
	at com.mysql.jdbc.MysqlIO.checkErrorPacket(MysqlIO.java:3902)
	at com.mysql.jdbc.MysqlIO.sendCommand(MysqlIO.java:2526)
	at com.mysql.jdbc.MysqlIO.sqlQueryDirect(MysqlIO.java:2673)
	at com.mysql.jdbc.ConnectionImpl.execSQL(ConnectionImpl.java:2549)
	at com.mysql.jdbc.PreparedStatement.executeInternal(PreparedStatement.java:1861)
	at com.mysql.jdbc.PreparedStatement.executeUpdateInternal(PreparedStatement.java:2073)
	at com.mysql.jdbc.PreparedStatement.executeUpdateInternal(PreparedStatement.java:2009)
	at com.mysql.jdbc.PreparedStatement.executeLargeUpdate(PreparedStatement.java:5098)
	at com.mysql.jdbc.PreparedStatement.executeUpdate(PreparedStatement.java:1994)
	at org.hibernate.engine.jdbc.internal.ResultSetReturnImpl.executeUpdate(ResultSetReturnImpl.java:208)
	... 42 more
HCANN000001: Hibernate Commons Annotations {4.0.5.Final}
HHH000412: Hibernate Core {4.3.11.Final}
HHH000206: hibernate.properties not found
HHH000021: Bytecode provider name : javassist
HHH000043: Configuring from resource: /hibernate.cfg.xml
HHH000040: Configuration resource: /hibernate.cfg.xml
HHH000041: Configured SessionFactory: null
HHH000402: Using Hibernate built-in connection pool (not for production use!)
HHH000401: using driver [com.mysql.jdbc.Driver] at URL [jdbc:mysql://localhost:3306/TEST_gw2_auxiliary]
HHH000046: Connection properties: {user=root, password=****}
HHH000006: Autocommit mode: false
HHH000115: Hibernate connection pool size: 20 (min=1)
HHH000400: Using dialect: org.hibernate.dialect.MySQL5Dialect
HHH000399: Using default transaction strategy (direct JDBC transactions)
HHH000397: Using ASTQueryTranslatorFactory
Adding new User.
Successfully added new User (id6).
HCANN000001: Hibernate Commons Annotations {4.0.5.Final}
HHH000412: Hibernate Core {4.3.11.Final}
HHH000206: hibernate.properties not found
HHH000021: Bytecode provider name : javassist
HHH000043: Configuring from resource: /hibernate.cfg.xml
HHH000040: Configuration resource: /hibernate.cfg.xml
HHH000041: Configured SessionFactory: null
HHH000402: Using Hibernate built-in connection pool (not for production use!)
HHH000401: using driver [com.mysql.jdbc.Driver] at URL [jdbc:mysql://localhost:3306/TEST_gw2_auxiliary]
HHH000046: Connection properties: {user=root, password=****}
HHH000006: Autocommit mode: false
HHH000115: Hibernate connection pool size: 20 (min=1)
HHH000400: Using dialect: org.hibernate.dialect.MySQL5Dialect
HHH000399: Using default transaction strategy (direct JDBC transactions)
HHH000397: Using ASTQueryTranslatorFactory
Adding new User.
SQL Error: 1062, SQLState: 23000
Duplicate entry 'testuser@gmail.com' for key 'user_email_uindex'
HHH000010: On release of batch it still contained JDBC statements
SQL Warning Code: 1062, SQLState: 23000
Duplicate entry 'testuser@gmail.com' for key 'user_email_uindex'
Failed to add new User (id7).

org.hibernate.exception.ConstraintViolationException: could not execute statement
	at org.hibernate.exception.internal.SQLExceptionTypeDelegate.convert(SQLExceptionTypeDelegate.java:72)
	at org.hibernate.exception.internal.StandardSQLExceptionConverter.convert(StandardSQLExceptionConverter.java:49)
	at org.hibernate.engine.jdbc.spi.SqlExceptionHelper.convert(SqlExceptionHelper.java:126)
	at org.hibernate.engine.jdbc.spi.SqlExceptionHelper.convert(SqlExceptionHelper.java:112)
	at org.hibernate.engine.jdbc.internal.ResultSetReturnImpl.executeUpdate(ResultSetReturnImpl.java:211)
	at org.hibernate.engine.jdbc.batch.internal.NonBatchingBatch.addToBatch(NonBatchingBatch.java:62)
	at org.hibernate.persister.entity.AbstractEntityPersister.insert(AbstractEntityPersister.java:3124)
	at org.hibernate.persister.entity.AbstractEntityPersister.insert(AbstractEntityPersister.java:3581)
	at org.hibernate.action.internal.EntityInsertAction.execute(EntityInsertAction.java:104)
	at org.hibernate.engine.spi.ActionQueue.executeActions(ActionQueue.java:465)
	at org.hibernate.engine.spi.ActionQueue.executeActions(ActionQueue.java:351)
	at org.hibernate.event.internal.AbstractFlushingEventListener.performExecutions(AbstractFlushingEventListener.java:350)
	at org.hibernate.event.internal.DefaultFlushEventListener.onFlush(DefaultFlushEventListener.java:56)
	at org.hibernate.internal.SessionImpl.flush(SessionImpl.java:1258)
	at org.hibernate.internal.SessionImpl.managedFlush(SessionImpl.java:425)
	at org.hibernate.engine.transaction.internal.jdbc.JdbcTransaction.beforeTransactionCommit(JdbcTransaction.java:101)
	at org.hibernate.engine.transaction.spi.AbstractTransactionImpl.commit(AbstractTransactionImpl.java:177)
	at com.cgreger.persistence.UserDAO.addUser(UserDAO.java:40)
	at com.cgreger.persistence.UserDAOTest.addUser(UserDAOTest.java:30)
	at sun.reflect.NativeMethodAccessorImpl.invoke0(Native Method)
	at sun.reflect.NativeMethodAccessorImpl.invoke(NativeMethodAccessorImpl.java:62)
	at sun.reflect.DelegatingMethodAccessorImpl.invoke(DelegatingMethodAccessorImpl.java:43)
	at java.lang.reflect.Method.invoke(Method.java:498)
	at org.junit.runners.model.FrameworkMethod$1.runReflectiveCall(FrameworkMethod.java:50)
	at org.junit.internal.runners.model.ReflectiveCallable.run(ReflectiveCallable.java:12)
	at org.junit.runners.model.FrameworkMethod.invokeExplosively(FrameworkMethod.java:47)
	at org.junit.internal.runners.statements.InvokeMethod.evaluate(InvokeMethod.java:17)
	at org.junit.internal.runners.statements.RunBefores.evaluate(RunBefores.java:26)
	at org.junit.runners.ParentRunner.runLeaf(ParentRunner.java:325)
	at org.junit.runners.BlockJUnit4ClassRunner.runChild(BlockJUnit4ClassRunner.java:78)
	at org.junit.runners.BlockJUnit4ClassRunner.runChild(BlockJUnit4ClassRunner.java:57)
	at org.junit.runners.ParentRunner$3.run(ParentRunner.java:290)
	at org.junit.runners.ParentRunner$1.schedule(ParentRunner.java:71)
	at org.junit.runners.ParentRunner.runChildren(ParentRunner.java:288)
	at org.junit.runners.ParentRunner.access$000(ParentRunner.java:58)
	at org.junit.runners.ParentRunner$2.evaluate(ParentRunner.java:268)
	at org.junit.runners.ParentRunner.run(ParentRunner.java:363)
	at org.junit.runner.JUnitCore.run(JUnitCore.java:137)
	at com.intellij.junit4.JUnit4IdeaTestRunner.startRunnerWithArgs(JUnit4IdeaTestRunner.java:68)
	at com.intellij.rt.execution.junit.IdeaTestRunner$Repeater.startRunnerWithArgs(IdeaTestRunner.java:51)
	at com.intellij.rt.execution.junit.JUnitStarter.prepareStreamsAndStart(JUnitStarter.java:237)
	at com.intellij.rt.execution.junit.JUnitStarter.main(JUnitStarter.java:70)
	at sun.reflect.NativeMethodAccessorImpl.invoke0(Native Method)
	at sun.reflect.NativeMethodAccessorImpl.invoke(NativeMethodAccessorImpl.java:62)
	at sun.reflect.DelegatingMethodAccessorImpl.invoke(DelegatingMethodAccessorImpl.java:43)
	at java.lang.reflect.Method.invoke(Method.java:498)
	at com.intellij.rt.execution.application.AppMain.main(AppMain.java:147)
Caused by: com.mysql.jdbc.exceptions.jdbc4.MySQLIntegrityConstraintViolationException: Duplicate entry 'testuser@gmail.com' for key 'user_email_uindex'
	at sun.reflect.NativeConstructorAccessorImpl.newInstance0(Native Method)
	at sun.reflect.NativeConstructorAccessorImpl.newInstance(NativeConstructorAccessorImpl.java:62)
	at sun.reflect.DelegatingConstructorAccessorImpl.newInstance(DelegatingConstructorAccessorImpl.java:45)
	at java.lang.reflect.Constructor.newInstance(Constructor.java:423)
	at com.mysql.jdbc.Util.handleNewInstance(Util.java:404)
	at com.mysql.jdbc.Util.getInstance(Util.java:387)
	at com.mysql.jdbc.SQLError.createSQLException(SQLError.java:934)
	at com.mysql.jdbc.MysqlIO.checkErrorPacket(MysqlIO.java:3966)
	at com.mysql.jdbc.MysqlIO.checkErrorPacket(MysqlIO.java:3902)
	at com.mysql.jdbc.MysqlIO.sendCommand(MysqlIO.java:2526)
	at com.mysql.jdbc.MysqlIO.sqlQueryDirect(MysqlIO.java:2673)
	at com.mysql.jdbc.ConnectionImpl.execSQL(ConnectionImpl.java:2549)
	at com.mysql.jdbc.PreparedStatement.executeInternal(PreparedStatement.java:1861)
	at com.mysql.jdbc.PreparedStatement.executeUpdateInternal(PreparedStatement.java:2073)
	at com.mysql.jdbc.PreparedStatement.executeUpdateInternal(PreparedStatement.java:2009)
	at com.mysql.jdbc.PreparedStatement.executeLargeUpdate(PreparedStatement.java:5098)
	at com.mysql.jdbc.PreparedStatement.executeUpdate(PreparedStatement.java:1994)
	at org.hibernate.engine.jdbc.internal.ResultSetReturnImpl.executeUpdate(ResultSetReturnImpl.java:208)
	... 42 more
